--------------------------------------------------------------------------------
Release 14.7 Trace  (nt64)
Copyright (c) 1995-2013 Xilinx, Inc.  All rights reserved.

D:\dev\xilinx\14.7\ISE_DS\ISE\bin\nt64\unwrapped\trce.exe -intstyle ise -v 3 -s
3 -n 3 -fastpaths -xml main.twx main.ncd -o main.twr main.pcf -ucf main.ucf

Design file:              main.ncd
Physical constraint file: main.pcf
Device,package,speed:     xc6slx9,tqg144,C,-3 (PRODUCTION 1.23 2013-10-13)
Report level:             verbose report

Environment Variable      Effect 
--------------------      ------ 
NONE                      No environment variables were set
--------------------------------------------------------------------------------

INFO:Timing:2698 - No timing constraints found, doing default enumeration.
INFO:Timing:3412 - To improve timing, see the Timing Closure User Guide (UG612).
INFO:Timing:2752 - To get complete path coverage, use the unconstrained paths 
   option. All paths that are not constrained will be reported in the 
   unconstrained paths section(s) of the report.
INFO:Timing:3339 - The clock-to-out numbers in this timing report are based on 
   a 50 Ohm transmission line loading model.  For the details of this model, 
   and for more information on accounting for different loading conditions, 
   please see the device datasheet.



Data Sheet report:
-----------------
All values displayed in nanoseconds (ns)

Clock CLKI to Pad
------------+-----------------+------------+-----------------+------------+------------------+--------+
            |Max (slowest) clk|  Process   |Min (fastest) clk|  Process   |                  | Clock  |
Destination |  (edge) to PAD  |   Corner   |  (edge) to PAD  |   Corner   |Internal Clock(s) | Phase  |
------------+-----------------+------------+-----------------+------------+------------------+--------+
B<0>        |         8.272(R)|      SLOW  |         4.548(R)|      FAST  |XLXN_1            |   0.000|
B<1>        |         8.151(R)|      SLOW  |         4.579(R)|      FAST  |XLXN_1            |   0.000|
B<2>        |         8.375(R)|      SLOW  |         4.688(R)|      FAST  |XLXN_1            |   0.000|
B<3>        |         8.805(R)|      SLOW  |         5.015(R)|      FAST  |XLXN_1            |   0.000|
G<0>        |         7.307(R)|      SLOW  |         4.058(R)|      FAST  |XLXN_1            |   0.000|
G<1>        |         7.301(R)|      SLOW  |         4.123(R)|      FAST  |XLXN_1            |   0.000|
G<2>        |         7.725(R)|      SLOW  |         4.281(R)|      FAST  |XLXN_1            |   0.000|
G<3>        |         7.624(R)|      SLOW  |         4.250(R)|      FAST  |XLXN_1            |   0.000|
R<0>        |         7.725(R)|      SLOW  |         4.281(R)|      FAST  |XLXN_1            |   0.000|
R<1>        |         7.624(R)|      SLOW  |         4.250(R)|      FAST  |XLXN_1            |   0.000|
R<2>        |         7.521(R)|      SLOW  |         4.361(R)|      FAST  |XLXN_1            |   0.000|
R<3>        |         7.433(R)|      SLOW  |         4.178(R)|      FAST  |XLXN_1            |   0.000|
hsync       |         8.694(R)|      SLOW  |         5.214(R)|      FAST  |XLXN_1            |   0.000|
------------+-----------------+------------+-----------------+------------+------------------+--------+

Clock to Setup on destination clock CLKI
---------------+---------+---------+---------+---------+
               | Src:Rise| Src:Fall| Src:Rise| Src:Fall|
Source Clock   |Dest:Rise|Dest:Rise|Dest:Fall|Dest:Fall|
---------------+---------+---------+---------+---------+
CLKI           |    3.439|         |         |         |
---------------+---------+---------+---------+---------+


Analysis completed Sun Sep 04 13:26:30 2016 
--------------------------------------------------------------------------------

Trace Settings:
-------------------------
Trace Settings 

Peak Memory Usage: 330 MB



